<?xml version="1.0" encoding="UTF-8"?>
<testng-results skipped="0" failed="1" ignored="0" total="6" passed="5">
  <reporter-output>
  </reporter-output>
  <suite name="TestSuite" duration-ms="46494" started-at="2020-02-25T10:11:18 CET" finished-at="2020-02-25T10:12:04 CET">
    <groups>
    </groups>
    <test name="Test of OrangeHRM" duration-ms="46494" started-at="2020-02-25T10:11:18 CET" finished-at="2020-02-25T10:12:04 CET">
      <class name="testCase.TC_001_LoginDDT">
        <test-method status="PASS" signature="setUp(java.lang.String)[pri:0, instance:testCase.TC_001_LoginDDT@7bedc48a]" name="setUp" is-config="true" duration-ms="7957" started-at="2020-02-25T10:11:18 CET" finished-at="2020-02-25T10:11:26 CET">
          <params>
            <param index="0">
              <value>
                <![CDATA[chrome]]>
              </value>
            </param>
          </params>
          <reporter-output>
          </reporter-output>
        </test-method> <!-- setUp -->
        <test-method status="FAIL" signature="loginDDT(java.lang.String, java.lang.String)[pri:0, instance:testCase.TC_001_LoginDDT@7bedc48a]" name="loginDDT" duration-ms="4496" started-at="2020-02-25T10:11:33 CET" data-provider="LoginData" finished-at="2020-02-25T10:11:38 CET">
          <params>
            <param index="0">
              <value>
                <![CDATA[Testprofile]]>
              </value>
            </param>
            <param index="1">
              <value>
                <![CDATA[12345678]]>
              </value>
            </param>
          </params>
          <exception class="java.lang.AssertionError">
            <message>
              <![CDATA[did not expect to find [true] but found [false]]]>
            </message>
            <full-stacktrace>
              <![CDATA[java.lang.AssertionError: did not expect to find [true] but found [false]
at org.testng.Assert.fail(Assert.java:97)
at org.testng.Assert.failNotEquals(Assert.java:969)
at org.testng.Assert.assertTrue(Assert.java:43)
at org.testng.Assert.assertTrue(Assert.java:53)
at testCase.TC_001_LoginDDT.loginDDT(TC_001_LoginDDT.java:34)
at sun.reflect.NativeMethodAccessorImpl.invoke0(Native Method)
at sun.reflect.NativeMethodAccessorImpl.invoke(NativeMethodAccessorImpl.java:62)
at sun.reflect.DelegatingMethodAccessorImpl.invoke(DelegatingMethodAccessorImpl.java:43)
at java.lang.reflect.Method.invoke(Method.java:498)
at org.testng.internal.MethodInvocationHelper.invokeMethod(MethodInvocationHelper.java:133)
at org.testng.internal.TestInvoker.invokeMethod(TestInvoker.java:584)
at org.testng.internal.TestInvoker.invokeTestMethod(TestInvoker.java:172)
at org.testng.internal.MethodRunner.runInSequence(MethodRunner.java:46)
at org.testng.internal.TestInvoker$MethodInvocationAgent.invoke(TestInvoker.java:804)
at org.testng.internal.TestInvoker.invokeTestMethods(TestInvoker.java:145)
at org.testng.internal.TestMethodWorker.invokeTestMethods(TestMethodWorker.java:146)
at org.testng.internal.TestMethodWorker.run(TestMethodWorker.java:128)
at java.util.ArrayList.forEach(ArrayList.java:1257)
at org.testng.TestRunner.privateRun(TestRunner.java:770)
at org.testng.TestRunner.run(TestRunner.java:591)
at org.testng.SuiteRunner.runTest(SuiteRunner.java:402)
at org.testng.SuiteRunner.runSequentially(SuiteRunner.java:396)
at org.testng.SuiteRunner.privateRun(SuiteRunner.java:355)
at org.testng.SuiteRunner.run(SuiteRunner.java:304)
at org.testng.SuiteRunnerWorker.runSuite(SuiteRunnerWorker.java:53)
at org.testng.SuiteRunnerWorker.run(SuiteRunnerWorker.java:96)
at org.testng.TestNG.runSuitesSequentially(TestNG.java:1180)
at org.testng.TestNG.runSuitesLocally(TestNG.java:1102)
at org.testng.TestNG.runSuites(TestNG.java:1032)
at org.testng.TestNG.run(TestNG.java:1000)
at org.testng.remote.AbstractRemoteTestNG.run(AbstractRemoteTestNG.java:115)
at org.testng.remote.RemoteTestNG.initAndRun(RemoteTestNG.java:251)
at org.testng.remote.RemoteTestNG.main(RemoteTestNG.java:77)
]]>
            </full-stacktrace>
          </exception> <!-- java.lang.AssertionError -->
          <reporter-output>
          </reporter-output>
        </test-method> <!-- loginDDT -->
        <test-method status="PASS" signature="loginDDT(java.lang.String, java.lang.String)[pri:0, instance:testCase.TC_001_LoginDDT@7bedc48a]" name="loginDDT" duration-ms="1543" started-at="2020-02-25T10:11:38 CET" data-provider="LoginData" finished-at="2020-02-25T10:11:39 CET">
          <params>
            <param index="0">
              <value>
                <![CDATA[admin]]>
              </value>
            </param>
            <param index="1">
              <value>
                <![CDATA[aaaaaaaaa]]>
              </value>
            </param>
          </params>
          <reporter-output>
          </reporter-output>
        </test-method> <!-- loginDDT -->
        <test-method status="PASS" signature="loginDDT(java.lang.String, java.lang.String)[pri:0, instance:testCase.TC_001_LoginDDT@7bedc48a]" name="loginDDT" duration-ms="1012" started-at="2020-02-25T10:11:39 CET" data-provider="LoginData" finished-at="2020-02-25T10:11:40 CET">
          <params>
            <param index="0">
              <value>
                <![CDATA[aaaaaaaa]]>
              </value>
            </param>
            <param index="1">
              <value>
                <![CDATA[admin123]]>
              </value>
            </param>
          </params>
          <reporter-output>
          </reporter-output>
        </test-method> <!-- loginDDT -->
        <test-method status="PASS" signature="loginDDT(java.lang.String, java.lang.String)[pri:0, instance:testCase.TC_001_LoginDDT@7bedc48a]" name="loginDDT" duration-ms="1019" started-at="2020-02-25T10:11:40 CET" data-provider="LoginData" finished-at="2020-02-25T10:11:41 CET">
          <params>
            <param index="0">
              <value>
                <![CDATA[aaaaaaaa]]>
              </value>
            </param>
            <param index="1">
              <value>
                <![CDATA[aaaaaaaaa]]>
              </value>
            </param>
          </params>
          <reporter-output>
          </reporter-output>
        </test-method> <!-- loginDDT -->
        <test-method status="PASS" signature="afterClass()[pri:0, instance:testCase.TC_001_LoginDDT@7bedc48a]" name="afterClass" is-config="true" duration-ms="886" started-at="2020-02-25T10:11:41 CET" finished-at="2020-02-25T10:11:42 CET">
          <reporter-output>
          </reporter-output>
        </test-method> <!-- afterClass -->
      </class> <!-- testCase.TC_001_LoginDDT -->
      <class name="testCase.TC_002_Login">
        <test-method status="PASS" signature="setUp(java.lang.String)[pri:0, instance:testCase.TC_002_Login@131ef10]" name="setUp" is-config="true" duration-ms="6633" started-at="2020-02-25T10:11:42 CET" finished-at="2020-02-25T10:11:49 CET">
          <params>
            <param index="0">
              <value>
                <![CDATA[chrome]]>
              </value>
            </param>
          </params>
          <reporter-output>
          </reporter-output>
        </test-method> <!-- setUp -->
        <test-method status="PASS" signature="login()[pri:0, instance:testCase.TC_002_Login@131ef10]" name="login" duration-ms="3390" started-at="2020-02-25T10:11:49 CET" finished-at="2020-02-25T10:11:52 CET">
          <reporter-output>
          </reporter-output>
        </test-method> <!-- login -->
        <test-method status="PASS" signature="afterClass()[pri:0, instance:testCase.TC_002_Login@131ef10]" name="afterClass" is-config="true" duration-ms="772" started-at="2020-02-25T10:11:52 CET" finished-at="2020-02-25T10:11:53 CET">
          <reporter-output>
          </reporter-output>
        </test-method> <!-- afterClass -->
      </class> <!-- testCase.TC_002_Login -->
      <class name="testCase.TC_003_PersonalDetails">
        <test-method status="PASS" signature="setUp(java.lang.String)[pri:0, instance:testCase.TC_003_PersonalDetails@55b0dcab]" name="setUp" is-config="true" duration-ms="6606" started-at="2020-02-25T10:11:53 CET" finished-at="2020-02-25T10:12:00 CET">
          <params>
            <param index="0">
              <value>
                <![CDATA[chrome]]>
              </value>
            </param>
          </params>
          <reporter-output>
          </reporter-output>
        </test-method> <!-- setUp -->
        <test-method status="PASS" signature="presenceOfPD()[pri:0, instance:testCase.TC_003_PersonalDetails@55b0dcab]" name="presenceOfPD" duration-ms="4047" started-at="2020-02-25T10:12:00 CET" finished-at="2020-02-25T10:12:04 CET">
          <reporter-output>
          </reporter-output>
        </test-method> <!-- presenceOfPD -->
        <test-method status="PASS" signature="afterClass()[pri:0, instance:testCase.TC_003_PersonalDetails@55b0dcab]" name="afterClass" is-config="true" duration-ms="743" started-at="2020-02-25T10:12:04 CET" finished-at="2020-02-25T10:12:04 CET">
          <reporter-output>
          </reporter-output>
        </test-method> <!-- afterClass -->
      </class> <!-- testCase.TC_003_PersonalDetails -->
    </test> <!-- Test of OrangeHRM -->
  </suite> <!-- TestSuite -->
</testng-results>
