<?xml version="1.0" encoding="UTF-8"?>
<testng-results skipped="0" failed="1" ignored="0" total="8" passed="7">
  <reporter-output>
  </reporter-output>
  <suite name="TestSuite" duration-ms="102204" started-at="2020-02-27T16:25:15 CET" finished-at="2020-02-27T16:26:57 CET">
    <groups>
    </groups>
    <test name="Test of OrangeHRM" duration-ms="102204" started-at="2020-02-27T16:25:15 CET" finished-at="2020-02-27T16:26:57 CET">
      <class name="testCase.TC_001_LoginDDT">
        <test-method status="PASS" signature="setUp(java.lang.String)[pri:0, instance:testCase.TC_001_LoginDDT@55b0dcab]" name="setUp" is-config="true" duration-ms="11821" started-at="2020-02-27T16:25:15 CET" finished-at="2020-02-27T16:25:27 CET">
          <params>
            <param index="0">
              <value>
                <![CDATA[chrome]]>
              </value>
            </param>
          </params>
          <reporter-output>
          </reporter-output>
        </test-method> <!-- setUp -->
        <test-method status="FAIL" signature="loginDDT(java.lang.String, java.lang.String)[pri:0, instance:testCase.TC_001_LoginDDT@55b0dcab]" name="loginDDT" duration-ms="5046" started-at="2020-02-27T16:25:33 CET" data-provider="LoginData" finished-at="2020-02-27T16:25:38 CET">
          <params>
            <param index="0">
              <value>
                <![CDATA[Testprofile]]>
              </value>
            </param>
            <param index="1">
              <value>
                <![CDATA[12345678]]>
              </value>
            </param>
          </params>
          <exception class="java.lang.AssertionError">
            <message>
              <![CDATA[did not expect to find [true] but found [false]]]>
            </message>
            <full-stacktrace>
              <![CDATA[java.lang.AssertionError: did not expect to find [true] but found [false]
at org.testng.Assert.fail(Assert.java:97)
at org.testng.Assert.failNotEquals(Assert.java:969)
at org.testng.Assert.assertTrue(Assert.java:43)
at org.testng.Assert.assertTrue(Assert.java:53)
at testCase.TC_001_LoginDDT.loginDDT(TC_001_LoginDDT.java:35)
at sun.reflect.NativeMethodAccessorImpl.invoke0(Native Method)
at sun.reflect.NativeMethodAccessorImpl.invoke(NativeMethodAccessorImpl.java:62)
at sun.reflect.DelegatingMethodAccessorImpl.invoke(DelegatingMethodAccessorImpl.java:43)
at java.lang.reflect.Method.invoke(Method.java:498)
at org.testng.internal.MethodInvocationHelper.invokeMethod(MethodInvocationHelper.java:133)
at org.testng.internal.TestInvoker.invokeMethod(TestInvoker.java:584)
at org.testng.internal.TestInvoker.invokeTestMethod(TestInvoker.java:172)
at org.testng.internal.MethodRunner.runInSequence(MethodRunner.java:46)
at org.testng.internal.TestInvoker$MethodInvocationAgent.invoke(TestInvoker.java:804)
at org.testng.internal.TestInvoker.invokeTestMethods(TestInvoker.java:145)
at org.testng.internal.TestMethodWorker.invokeTestMethods(TestMethodWorker.java:146)
at org.testng.internal.TestMethodWorker.run(TestMethodWorker.java:128)
at java.util.ArrayList.forEach(ArrayList.java:1257)
at org.testng.TestRunner.privateRun(TestRunner.java:770)
at org.testng.TestRunner.run(TestRunner.java:591)
at org.testng.SuiteRunner.runTest(SuiteRunner.java:402)
at org.testng.SuiteRunner.runSequentially(SuiteRunner.java:396)
at org.testng.SuiteRunner.privateRun(SuiteRunner.java:355)
at org.testng.SuiteRunner.run(SuiteRunner.java:304)
at org.testng.SuiteRunnerWorker.runSuite(SuiteRunnerWorker.java:53)
at org.testng.SuiteRunnerWorker.run(SuiteRunnerWorker.java:96)
at org.testng.TestNG.runSuitesSequentially(TestNG.java:1180)
at org.testng.TestNG.runSuitesLocally(TestNG.java:1102)
at org.testng.TestNG.runSuites(TestNG.java:1032)
at org.testng.TestNG.run(TestNG.java:1000)
at org.testng.remote.AbstractRemoteTestNG.run(AbstractRemoteTestNG.java:115)
at org.testng.remote.RemoteTestNG.initAndRun(RemoteTestNG.java:251)
at org.testng.remote.RemoteTestNG.main(RemoteTestNG.java:77)
]]>
            </full-stacktrace>
          </exception> <!-- java.lang.AssertionError -->
          <reporter-output>
          </reporter-output>
        </test-method> <!-- loginDDT -->
        <test-method status="PASS" signature="loginDDT(java.lang.String, java.lang.String)[pri:0, instance:testCase.TC_001_LoginDDT@55b0dcab]" name="loginDDT" duration-ms="1547" started-at="2020-02-27T16:25:38 CET" data-provider="LoginData" finished-at="2020-02-27T16:25:39 CET">
          <params>
            <param index="0">
              <value>
                <![CDATA[admin]]>
              </value>
            </param>
            <param index="1">
              <value>
                <![CDATA[aaaaaaaaa]]>
              </value>
            </param>
          </params>
          <reporter-output>
          </reporter-output>
        </test-method> <!-- loginDDT -->
        <test-method status="PASS" signature="loginDDT(java.lang.String, java.lang.String)[pri:0, instance:testCase.TC_001_LoginDDT@55b0dcab]" name="loginDDT" duration-ms="1198" started-at="2020-02-27T16:25:39 CET" data-provider="LoginData" finished-at="2020-02-27T16:25:40 CET">
          <params>
            <param index="0">
              <value>
                <![CDATA[aaaaaaaa]]>
              </value>
            </param>
            <param index="1">
              <value>
                <![CDATA[admin123]]>
              </value>
            </param>
          </params>
          <reporter-output>
          </reporter-output>
        </test-method> <!-- loginDDT -->
        <test-method status="PASS" signature="loginDDT(java.lang.String, java.lang.String)[pri:0, instance:testCase.TC_001_LoginDDT@55b0dcab]" name="loginDDT" duration-ms="1188" started-at="2020-02-27T16:25:40 CET" data-provider="LoginData" finished-at="2020-02-27T16:25:42 CET">
          <params>
            <param index="0">
              <value>
                <![CDATA[aaaaaaaa]]>
              </value>
            </param>
            <param index="1">
              <value>
                <![CDATA[aaaaaaaaa]]>
              </value>
            </param>
          </params>
          <reporter-output>
          </reporter-output>
        </test-method> <!-- loginDDT -->
        <test-method status="PASS" signature="afterClass()[pri:0, instance:testCase.TC_001_LoginDDT@55b0dcab]" name="afterClass" is-config="true" duration-ms="955" started-at="2020-02-27T16:25:42 CET" finished-at="2020-02-27T16:25:43 CET">
          <reporter-output>
          </reporter-output>
        </test-method> <!-- afterClass -->
      </class> <!-- testCase.TC_001_LoginDDT -->
      <class name="testCase.TC_002_Login">
        <test-method status="PASS" signature="setUp(java.lang.String)[pri:0, instance:testCase.TC_002_Login@38afe297]" name="setUp" is-config="true" duration-ms="6921" started-at="2020-02-27T16:25:43 CET" finished-at="2020-02-27T16:25:50 CET">
          <params>
            <param index="0">
              <value>
                <![CDATA[chrome]]>
              </value>
            </param>
          </params>
          <reporter-output>
          </reporter-output>
        </test-method> <!-- setUp -->
        <test-method status="PASS" signature="login()[pri:0, instance:testCase.TC_002_Login@38afe297]" name="login" duration-ms="2980" started-at="2020-02-27T16:25:50 CET" finished-at="2020-02-27T16:25:53 CET">
          <reporter-output>
          </reporter-output>
        </test-method> <!-- login -->
        <test-method status="PASS" signature="afterClass()[pri:0, instance:testCase.TC_002_Login@38afe297]" name="afterClass" is-config="true" duration-ms="803" started-at="2020-02-27T16:25:53 CET" finished-at="2020-02-27T16:25:53 CET">
          <reporter-output>
          </reporter-output>
        </test-method> <!-- afterClass -->
      </class> <!-- testCase.TC_002_Login -->
      <class name="testCase.TC_004_EditPDetails">
        <test-method status="PASS" signature="setUp(java.lang.String)[pri:0, instance:testCase.TC_004_EditPDetails@23348b5d]" name="setUp" is-config="true" duration-ms="6384" started-at="2020-02-27T16:26:08 CET" finished-at="2020-02-27T16:26:14 CET">
          <params>
            <param index="0">
              <value>
                <![CDATA[chrome]]>
              </value>
            </param>
          </params>
          <reporter-output>
          </reporter-output>
        </test-method> <!-- setUp -->
        <test-method status="PASS" signature="editPDetails()[pri:0, instance:testCase.TC_004_EditPDetails@23348b5d]" name="editPDetails" duration-ms="12251" started-at="2020-02-27T16:26:14 CET" finished-at="2020-02-27T16:26:26 CET">
          <reporter-output>
          </reporter-output>
        </test-method> <!-- editPDetails -->
        <test-method status="PASS" signature="afterClass()[pri:0, instance:testCase.TC_004_EditPDetails@23348b5d]" name="afterClass" is-config="true" duration-ms="755" started-at="2020-02-27T16:26:26 CET" finished-at="2020-02-27T16:26:27 CET">
          <reporter-output>
          </reporter-output>
        </test-method> <!-- afterClass -->
      </class> <!-- testCase.TC_004_EditPDetails -->
      <class name="testCase.TC_003_SowPDetails">
        <test-method status="PASS" signature="setUp(java.lang.String)[pri:0, instance:testCase.TC_003_SowPDetails@2df3b89c]" name="setUp" is-config="true" duration-ms="6375" started-at="2020-02-27T16:25:53 CET" finished-at="2020-02-27T16:26:00 CET">
          <params>
            <param index="0">
              <value>
                <![CDATA[chrome]]>
              </value>
            </param>
          </params>
          <reporter-output>
          </reporter-output>
        </test-method> <!-- setUp -->
        <test-method status="PASS" signature="presenceOfPD()[pri:0, instance:testCase.TC_003_SowPDetails@2df3b89c]" name="presenceOfPD" duration-ms="6397" started-at="2020-02-27T16:26:00 CET" finished-at="2020-02-27T16:26:06 CET">
          <reporter-output>
          </reporter-output>
        </test-method> <!-- presenceOfPD -->
        <test-method status="PASS" signature="afterClass()[pri:0, instance:testCase.TC_003_SowPDetails@2df3b89c]" name="afterClass" is-config="true" duration-ms="1700" started-at="2020-02-27T16:26:06 CET" finished-at="2020-02-27T16:26:08 CET">
          <reporter-output>
          </reporter-output>
        </test-method> <!-- afterClass -->
      </class> <!-- testCase.TC_003_SowPDetails -->
      <class name="testCase.TC_005_AddPhotograph">
        <test-method status="PASS" signature="setUp(java.lang.String)[pri:0, instance:testCase.TC_005_AddPhotograph@70325e14]" name="setUp" is-config="true" duration-ms="6443" started-at="2020-02-27T16:26:27 CET" finished-at="2020-02-27T16:26:34 CET">
          <params>
            <param index="0">
              <value>
                <![CDATA[chrome]]>
              </value>
            </param>
          </params>
          <reporter-output>
          </reporter-output>
        </test-method> <!-- setUp -->
        <test-method status="PASS" signature="uploadPhotograph()[pri:0, instance:testCase.TC_005_AddPhotograph@70325e14]" name="uploadPhotograph" duration-ms="22702" started-at="2020-02-27T16:26:34 CET" finished-at="2020-02-27T16:26:56 CET">
          <reporter-output>
          </reporter-output>
        </test-method> <!-- uploadPhotograph -->
        <test-method status="PASS" signature="afterClass()[pri:0, instance:testCase.TC_005_AddPhotograph@70325e14]" name="afterClass" is-config="true" duration-ms="777" started-at="2020-02-27T16:26:56 CET" finished-at="2020-02-27T16:26:57 CET">
          <reporter-output>
          </reporter-output>
        </test-method> <!-- afterClass -->
      </class> <!-- testCase.TC_005_AddPhotograph -->
    </test> <!-- Test of OrangeHRM -->
  </suite> <!-- TestSuite -->
</testng-results>
