<?xml version="1.0" encoding="UTF-8"?>
<!-- Generated by org.testng.reporters.JUnitXMLReporter -->
<testsuite hostname="USER-PC" ignored="0" name="Test of OrangeHRM" tests="4" failures="1" timestamp="2020-02-24T12:18:03 CET" time="20.974" errors="0">
  <testcase name="loginDDT" time="4.228" classname="testCase.TC_001_LoginDDT">
    <failure type="java.lang.AssertionError" message="did not expect to find [true] but found [false]">
      <![CDATA[java.lang.AssertionError: did not expect to find [true] but found [false]
at testCase.TC_001_LoginDDT.loginDDT(TC_001_LoginDDT.java:34)
at java.util.ArrayList.forEach(ArrayList.java:1257)
... Removed 31 stack frames]]>
    </failure>
  </testcase> <!-- loginDDT -->
  <testcase name="loginDDT" time="1.786" classname="testCase.TC_001_LoginDDT"/>
  <testcase name="loginDDT" time="1.217" classname="testCase.TC_001_LoginDDT"/>
  <testcase name="loginDDT" time="1.625" classname="testCase.TC_001_LoginDDT"/>
</testsuite> <!-- Test of OrangeHRM -->
