<?xml version="1.0" encoding="UTF-8"?>
<!-- Generated by org.testng.reporters.JUnitXMLReporter -->
<testsuite hostname="USER-PC" ignored="0" name="Test of OrangeHRM" tests="7" failures="1" timestamp="2020-02-26T14:22:34 CET" time="61.367" errors="0">
  <testcase name="loginDDT" time="4.165" classname="testCase.TC_001_LoginDDT">
    <failure type="java.lang.AssertionError" message="did not expect to find [true] but found [false]">
      <![CDATA[java.lang.AssertionError: did not expect to find [true] but found [false]
at testCase.TC_001_LoginDDT.loginDDT(TC_001_LoginDDT.java:35)
at java.util.ArrayList.forEach(ArrayList.java:1257)
... Removed 31 stack frames]]>
    </failure>
  </testcase> <!-- loginDDT -->
  <testcase name="loginDDT" time="1.516" classname="testCase.TC_001_LoginDDT"/>
  <testcase name="loginDDT" time="1.193" classname="testCase.TC_001_LoginDDT"/>
  <testcase name="loginDDT" time="1.533" classname="testCase.TC_001_LoginDDT"/>
  <testcase name="login" time="2.64" classname="testCase.TC_002_Login"/>
  <testcase name="presenceOfPD" time="6.668" classname="testCase.TC_003_SowPDetails"/>
  <testcase name="editPDetails" time="8.946" classname="testCase.TC_004_EditPDetails"/>
</testsuite> <!-- Test of OrangeHRM -->
